<?xml version="1.0" encoding="UTF-8" ?>
<testsuites errors="6"
            failures="4"
            tests="1">

  <testsuite name="alassane_sow_test"
    errors="6" failures="4" hostname="" id="" package="alassane_sow_test" skipped="0"
    tests="1" time="58.57" timestamp="">
  
    <testcase name="test" classname="alassane_sow_test" time="58.57" assertions="4">  <failure message="Testing if element &lt;#encrypt_button&gt; is visible in 5000ms - expected &#34;is visible&#34; but got: &#34;element could not be located&#34; (5176ms)">    at Object.test (C:\Users\7MAKSACOD PC\Desktop\Sup De Co\3e année\TEST_LOG\simple-js-project-with-jest\e2e_test\alassane_sow_test.js:5:21)
    at processTicksAndRejections (node:internal/process/task_queues:96:5)</failure>

      <failure message="Testing if element &lt;#result&gt; contains text &#39;qdcydjg&#39; in 5000ms - expected &#34;contains text &#39;qdcydjg&#39;&#34; but got: &#34;element could not be located&#34; (5193ms)">    at Object.test (C:\Users\7MAKSACOD PC\Desktop\Sup De Co\3e année\TEST_LOG\simple-js-project-with-jest\e2e_test\alassane_sow_test.js:9:21)
    at processTicksAndRejections (node:internal/process/task_queues:96:5)</failure>

      <failure message="Testing if element &lt;#decrypt_button&gt; is visible in 5000ms - expected &#34;is visible&#34; but got: &#34;element could not be located&#34; (5137ms)">    at Object.test (C:\Users\7MAKSACOD PC\Desktop\Sup De Co\3e année\TEST_LOG\simple-js-project-with-jest\e2e_test\alassane_sow_test.js:10:21)
    at processTicksAndRejections (node:internal/process/task_queues:96:5)</failure>

      <failure message="Testing if element &lt;#result&gt; contains text &#39;bonjour&#39; in 5000ms - expected &#34;contains text &#39;bonjour&#39;&#34; but got: &#34;element could not be located&#34; (5132ms)">    at Object.test (C:\Users\7MAKSACOD PC\Desktop\Sup De Co\3e année\TEST_LOG\simple-js-project-with-jest\e2e_test\alassane_sow_test.js:14:21)
    at processTicksAndRejections (node:internal/process/task_queues:96:5)</failure>

    
    <error message="Testing if element [0;33m&lt;#result&gt;[0m contains text [0;33m&#39;bonjour&#39;[0m in 5000ms - expected [0;32m&#34;contains text &#39;bonjour&#39;&#34;[0m but got: [0;31m&#34;element could not be located&#34;[0m [0;90m(5132ms)[0m" type="error"><![CDATA[
    Error
    at Proxy.&lt;anonymous&gt; (C:\Users\7MAKSACOD PC\Desktop\Sup De Co\3e année\TEST_LOG\simple-js-project-with-jest\node_modules\nightwatch\lib\api\index.js:145:30)
    at Object.test (C:\Users\7MAKSACOD PC\Desktop\Sup De Co\3e année\TEST_LOG\simple-js-project-with-jest\e2e_test\alassane_sow_test.js:14:21)
    at Context.call (C:\Users\7MAKSACOD PC\Desktop\Sup De Co\3e année\TEST_LOG\simple-js-project-with-jest\node_modules\nightwatch\lib\testsuite\context.js:430:35)
    at TestCase.run (C:\Users\7MAKSACOD PC\Desktop\Sup De Co\3e année\TEST_LOG\simple-js-project-with-jest\node_modules\nightwatch\lib\testsuite\testcase.js:58:31)
    at Runnable.__runFn (C:\Users\7MAKSACOD PC\Desktop\Sup De Co\3e année\TEST_LOG\simple-js-project-with-jest\node_modules\nightwatch\lib\testsuite\index.js:659:80)
    at Runnable.run (C:\Users\7MAKSACOD PC\Desktop\Sup De Co\3e année\TEST_LOG\simple-js-project-with-jest\node_modules\nightwatch\lib\testsuite\runnable.js:126:21)
    at TestSuite.createRunnable (C:\Users\7MAKSACOD PC\Desktop\Sup De Co\3e année\TEST_LOG\simple-js-project-with-jest\node_modules\nightwatch\lib\testsuite\index.js:766:33)
    at TestSuite.handleRunnable (C:\Users\7MAKSACOD PC\Desktop\Sup De Co\3e année\TEST_LOG\simple-js-project-with-jest\node_modules\nightwatch\lib\testsuite\index.js:771:33)
    at C:\Users\7MAKSACOD PC\Desktop\Sup De Co\3e année\TEST_LOG\simple-js-project-with-jest\node_modules\nightwatch\lib\testsuite\index.js:659:21
    at processTicksAndRejections (node:internal/process/task_queues:96:5)
    ]]></error>
    
    </testcase>
  

  
    <system-err>
       NoSuchElementError: An error occurred while running .setValue() command on &lt;#phrase&gt;: Timed out while waiting for element &#34;#phrase&#34; with &#34;css selector&#34; to be present for 5000 milliseconds.
       at Object.test (C:\Users\7MAKSACOD PC\Desktop\Sup De Co\3e année\TEST_LOG\simple-js-project-with-jest\e2e_test\alassane_sow_test.js:6:14)
       at processTicksAndRejections (node:internal/process/task_queues:96:5)
 NoSuchElementError: An error occurred while running .setValue() command on &lt;#nombre&gt;: Timed out while waiting for element &#34;#nombre&#34; with &#34;css selector&#34; to be present for 5000 milliseconds.
       at Object.test (C:\Users\7MAKSACOD PC\Desktop\Sup De Co\3e année\TEST_LOG\simple-js-project-with-jest\e2e_test\alassane_sow_test.js:7:14)
       at processTicksAndRejections (node:internal/process/task_queues:96:5)
 NoSuchElementError: An error occurred while running .click() command on &lt;#encrypt_button&gt;: Timed out while waiting for element &#34;#encrypt_button&#34; with &#34;css selector&#34; to be present for 5000 milliseconds.
       at Object.test (C:\Users\7MAKSACOD PC\Desktop\Sup De Co\3e année\TEST_LOG\simple-js-project-with-jest\e2e_test\alassane_sow_test.js:8:14)
       at processTicksAndRejections (node:internal/process/task_queues:96:5)
 NoSuchElementError: An error occurred while running .setValue() command on &lt;#phrase&gt;: Timed out while waiting for element &#34;#phrase&#34; with &#34;css selector&#34; to be present for 5000 milliseconds.
       at Object.test (C:\Users\7MAKSACOD PC\Desktop\Sup De Co\3e année\TEST_LOG\simple-js-project-with-jest\e2e_test\alassane_sow_test.js:11:14)
       at processTicksAndRejections (node:internal/process/task_queues:96:5)
 NoSuchElementError: An error occurred while running .setValue() command on &lt;#nombre&gt;: Timed out while waiting for element &#34;#nombre&#34; with &#34;css selector&#34; to be present for 5000 milliseconds.
       at Object.test (C:\Users\7MAKSACOD PC\Desktop\Sup De Co\3e année\TEST_LOG\simple-js-project-with-jest\e2e_test\alassane_sow_test.js:12:14)
       at processTicksAndRejections (node:internal/process/task_queues:96:5)
 NoSuchElementError: An error occurred while running .click() command on &lt;#decrypt_button&gt;: Timed out while waiting for element &#34;#decrypt_button&#34; with &#34;css selector&#34; to be present for 5000 milliseconds.
       at Object.test (C:\Users\7MAKSACOD PC\Desktop\Sup De Co\3e année\TEST_LOG\simple-js-project-with-jest\e2e_test\alassane_sow_test.js:13:14)
       at processTicksAndRejections (node:internal/process/task_queues:96:5)
    </system-err>
  

    

  
  </testsuite>
</testsuites>
